mode: set
github.com/go-packs/leidengo/graph/graph.go:15.24,17.21 2 1
github.com/go-packs/leidengo/graph/graph.go:17.21,19.3 1 1
github.com/go-packs/leidengo/graph/graph.go:20.2,21.20 2 1
github.com/go-packs/leidengo/graph/graph.go:21.20,23.3 1 1
github.com/go-packs/leidengo/graph/graph.go:24.2,28.3 1 1
github.com/go-packs/leidengo/graph/graph.go:32.33,32.55 1 1
github.com/go-packs/leidengo/graph/graph.go:35.61,36.68 1 1
github.com/go-packs/leidengo/graph/graph.go:36.68,38.3 1 1
github.com/go-packs/leidengo/graph/graph.go:39.2,39.17 1 1
github.com/go-packs/leidengo/graph/graph.go:39.17,41.3 1 1
github.com/go-packs/leidengo/graph/graph.go:42.2,42.16 1 1
github.com/go-packs/leidengo/graph/graph.go:42.16,47.3 3 1
github.com/go-packs/leidengo/graph/graph.go:48.2,51.12 4 1
github.com/go-packs/leidengo/graph/graph.go:55.59,57.2 1 0
github.com/go-packs/leidengo/graph/graph.go:60.48,60.80 1 0
github.com/go-packs/leidengo/graph/graph.go:63.55,63.85 1 1
github.com/go-packs/leidengo/graph/graph.go:66.44,68.40 2 1
github.com/go-packs/leidengo/graph/graph.go:68.40,70.3 1 1
github.com/go-packs/leidengo/graph/graph.go:71.2,71.10 1 1
github.com/go-packs/leidengo/graph/graph.go:75.39,75.63 1 1
github.com/go-packs/leidengo/graph/graph.go:78.53,78.85 1 1
github.com/go-packs/leidengo/graph/graph.go:81.31,83.23 2 0
github.com/go-packs/leidengo/graph/graph.go:83.23,85.3 1 0
github.com/go-packs/leidengo/graph/graph.go:86.2,86.14 1 0
github.com/go-packs/leidengo/graph/partition.go:16.49,26.25 3 1
github.com/go-packs/leidengo/graph/partition.go:26.25,31.3 4 1
github.com/go-packs/leidengo/graph/partition.go:32.2,32.10 1 1
github.com/go-packs/leidengo/graph/partition.go:36.42,36.74 1 1
github.com/go-packs/leidengo/graph/partition.go:39.49,39.83 1 1
github.com/go-packs/leidengo/graph/partition.go:42.56,42.91 1 1
github.com/go-packs/leidengo/graph/partition.go:45.57,45.93 1 1
github.com/go-packs/leidengo/graph/partition.go:48.65,50.2 1 1
github.com/go-packs/leidengo/graph/partition.go:53.47,55.35 2 1
github.com/go-packs/leidengo/graph/partition.go:55.35,57.3 1 1
github.com/go-packs/leidengo/graph/partition.go:58.2,58.12 1 1
github.com/go-packs/leidengo/graph/partition.go:62.74,64.49 2 1
github.com/go-packs/leidengo/graph/partition.go:64.49,65.42 1 1
github.com/go-packs/leidengo/graph/partition.go:65.42,67.4 1 1
github.com/go-packs/leidengo/graph/partition.go:69.2,69.14 1 1
github.com/go-packs/leidengo/graph/partition.go:74.52,76.25 2 1
github.com/go-packs/leidengo/graph/partition.go:76.25,78.3 1 1
github.com/go-packs/leidengo/graph/partition.go:81.2,81.49 1 1
github.com/go-packs/leidengo/graph/partition.go:81.49,82.25 1 1
github.com/go-packs/leidengo/graph/partition.go:82.25,83.12 1 1
github.com/go-packs/leidengo/graph/partition.go:85.3,86.20 2 1
github.com/go-packs/leidengo/graph/partition.go:86.20,88.4 1 1
github.com/go-packs/leidengo/graph/partition.go:88.9,88.28 1 1
github.com/go-packs/leidengo/graph/partition.go:88.28,90.4 1 1
github.com/go-packs/leidengo/graph/partition.go:93.2,105.36 9 1
github.com/go-packs/leidengo/graph/partition.go:110.59,115.2 4 1
github.com/go-packs/leidengo/graph/partition.go:117.54,119.28 2 1
github.com/go-packs/leidengo/graph/partition.go:119.28,120.18 1 1
github.com/go-packs/leidengo/graph/partition.go:120.18,123.9 3 1
github.com/go-packs/leidengo/graph/partition.go:126.2,126.40 1 1
github.com/go-packs/leidengo/graph/partition.go:126.40,130.3 3 1
github.com/go-packs/leidengo/graph/partition.go:134.49,138.46 4 1
github.com/go-packs/leidengo/graph/partition.go:138.46,139.34 1 1
github.com/go-packs/leidengo/graph/partition.go:139.34,142.4 2 1
github.com/go-packs/leidengo/graph/partition.go:143.3,143.31 1 1
github.com/go-packs/leidengo/graph/partition.go:145.2,145.13 1 1
github.com/go-packs/leidengo/graph/partition.go:149.39,155.37 5 1
github.com/go-packs/leidengo/graph/partition.go:155.37,159.3 3 1
github.com/go-packs/leidengo/graph/partition.go:160.2,161.38 2 1
github.com/go-packs/leidengo/graph/partition.go:161.38,163.3 1 1
github.com/go-packs/leidengo/graph/partition.go:164.2,165.40 2 1
github.com/go-packs/leidengo/graph/partition.go:165.40,167.3 1 1
github.com/go-packs/leidengo/graph/partition.go:168.2,175.3 1 1
github.com/go-packs/leidengo/utils/random.go:7.49,10.39 3 1
github.com/go-packs/leidengo/utils/random.go:10.39,10.74 1 1
github.com/go-packs/leidengo/utils/random.go:11.2,11.12 1 1
github.com/go-packs/leidengo/utils/random.go:15.36,16.14 1 1
github.com/go-packs/leidengo/utils/random.go:16.14,18.3 1 1
github.com/go-packs/leidengo/utils/random.go:19.2,19.39 1 1
github.com/go-packs/leidengo/utils/random.go:23.57,24.17 1 1
github.com/go-packs/leidengo/utils/random.go:24.17,26.3 1 1
github.com/go-packs/leidengo/utils/random.go:27.2,29.25 3 1
github.com/go-packs/leidengo/utils/random.go:29.25,31.3 1 1
github.com/go-packs/leidengo/utils/random.go:32.2,32.12 1 1
github.com/go-packs/leidengo/examples/main.go:12.13,30.2 13 0
github.com/go-packs/leidengo/examples/main.go:33.21,36.26 3 0
github.com/go-packs/leidengo/examples/main.go:36.26,38.3 1 0
github.com/go-packs/leidengo/examples/main.go:40.2,41.21 2 0
github.com/go-packs/leidengo/examples/main.go:46.22,49.25 2 0
github.com/go-packs/leidengo/examples/main.go:49.25,50.30 1 0
github.com/go-packs/leidengo/examples/main.go:50.30,52.4 1 0
github.com/go-packs/leidengo/examples/main.go:54.2,54.26 1 0
github.com/go-packs/leidengo/examples/main.go:54.26,55.31 1 0
github.com/go-packs/leidengo/examples/main.go:55.31,57.4 1 0
github.com/go-packs/leidengo/examples/main.go:59.2,67.25 6 0
github.com/go-packs/leidengo/examples/main.go:67.25,68.23 1 0
github.com/go-packs/leidengo/examples/main.go:68.23,70.4 1 0
github.com/go-packs/leidengo/examples/main.go:72.2,73.26 2 0
github.com/go-packs/leidengo/examples/main.go:73.26,74.23 1 0
github.com/go-packs/leidengo/examples/main.go:74.23,76.4 1 0
github.com/go-packs/leidengo/examples/main.go:78.2,78.20 1 0
github.com/go-packs/leidengo/examples/main.go:78.20,80.3 1 0
github.com/go-packs/leidengo/examples/main.go:85.22,97.2 8 0
github.com/go-packs/leidengo/examples/main.go:100.15,102.25 2 0
github.com/go-packs/leidengo/examples/main.go:102.25,103.30 1 0
github.com/go-packs/leidengo/examples/main.go:103.30,105.4 1 0
github.com/go-packs/leidengo/examples/main.go:107.2,107.26 1 0
github.com/go-packs/leidengo/examples/main.go:107.26,108.31 1 0
github.com/go-packs/leidengo/examples/main.go:108.31,110.4 1 0
github.com/go-packs/leidengo/examples/main.go:112.2,121.21 5 0
github.com/go-packs/leidengo/examples/main.go:124.35,129.2 4 0
github.com/go-packs/leidengo/examples/main.go:131.31,133.22 2 0
github.com/go-packs/leidengo/examples/main.go:133.22,135.3 1 0
github.com/go-packs/leidengo/examples/main.go:136.2,136.18 1 0
github.com/go-packs/leidengo/examples/main.go:140.37,171.26 3 0
github.com/go-packs/leidengo/examples/main.go:171.26,173.3 1 0
github.com/go-packs/leidengo/examples/main.go:174.2,174.10 1 0
